[2022-08-27T12:03:53.357] [ERROR] default - MongooseError: The `uri` parameter to `openUri()` must be a string, got "undefined". Make sure the first parameter to `mongoose.connect()` or `mongoose.createConnection()` is a string.
    at NativeConnection.Connection.openUri (Z:\Coding\ServidorNode\node_modules\mongoose\lib\connection.js:689:11)
    at Z:\Coding\ServidorNode\node_modules\mongoose\lib\index.js:379:10
    at Z:\Coding\ServidorNode\node_modules\mongoose\lib\helpers\promiseOrCallback.js:32:5
    at new Promise (<anonymous>)
    at promiseOrCallback (Z:\Coding\ServidorNode\node_modules\mongoose\lib\helpers\promiseOrCallback.js:31:10)
    at Mongoose._promiseOrCallback (Z:\Coding\ServidorNode\node_modules\mongoose\lib\index.js:1224:10)
    at Mongoose.connect (Z:\Coding\ServidorNode\node_modules\mongoose\lib\index.js:378:20)
    at file:///Z:/Coding/ServidorNode/connections/mongoose.js:14:16
    at ModuleJob.run (node:internal/modules/esm/module_job:193:25)
    at async Promise.all (index 0)
[2022-08-27T12:03:53.428] [ERROR] default - Error al Leer: Cannot read properties of undefined (reading 'find')
[2022-08-27T12:04:11.248] [ERROR] default - MongooseError: The `uri` parameter to `openUri()` must be a string, got "undefined". Make sure the first parameter to `mongoose.connect()` or `mongoose.createConnection()` is a string.
    at NativeConnection.Connection.openUri (Z:\Coding\ServidorNode\node_modules\mongoose\lib\connection.js:689:11)
    at Z:\Coding\ServidorNode\node_modules\mongoose\lib\index.js:379:10
    at Z:\Coding\ServidorNode\node_modules\mongoose\lib\helpers\promiseOrCallback.js:32:5
    at new Promise (<anonymous>)
    at promiseOrCallback (Z:\Coding\ServidorNode\node_modules\mongoose\lib\helpers\promiseOrCallback.js:31:10)
    at Mongoose._promiseOrCallback (Z:\Coding\ServidorNode\node_modules\mongoose\lib\index.js:1224:10)
    at Mongoose.connect (Z:\Coding\ServidorNode\node_modules\mongoose\lib\index.js:378:20)
    at file:///Z:/Coding/ServidorNode/connections/mongoose.js:14:16
    at ModuleJob.run (node:internal/modules/esm/module_job:193:25)
    at async Promise.all (index 0)
[2022-08-27T12:04:12.525] [ERROR] default - MongooseError: The `uri` parameter to `openUri()` must be a string, got "undefined". Make sure the first parameter to `mongoose.connect()` or `mongoose.createConnection()` is a string.
    at NativeConnection.Connection.openUri (Z:\Coding\ServidorNode\node_modules\mongoose\lib\connection.js:689:11)
    at Z:\Coding\ServidorNode\node_modules\mongoose\lib\index.js:379:10
    at Z:\Coding\ServidorNode\node_modules\mongoose\lib\helpers\promiseOrCallback.js:32:5
    at new Promise (<anonymous>)
    at promiseOrCallback (Z:\Coding\ServidorNode\node_modules\mongoose\lib\helpers\promiseOrCallback.js:31:10)
    at Mongoose._promiseOrCallback (Z:\Coding\ServidorNode\node_modules\mongoose\lib\index.js:1224:10)
    at Mongoose.connect (Z:\Coding\ServidorNode\node_modules\mongoose\lib\index.js:378:20)
    at file:///Z:/Coding/ServidorNode/connections/mongoose.js:14:16
    at ModuleJob.run (node:internal/modules/esm/module_job:193:25)
    at async Promise.all (index 0)
[2022-08-27T12:04:13.450] [ERROR] default - Error al Leer: Cannot read properties of undefined (reading 'find')
[2022-08-27T12:05:01.875] [ERROR] default - MongooseError: The `uri` parameter to `openUri()` must be a string, got "undefined". Make sure the first parameter to `mongoose.connect()` or `mongoose.createConnection()` is a string.
    at NativeConnection.Connection.openUri (Z:\Coding\ServidorNode\node_modules\mongoose\lib\connection.js:689:11)
    at Z:\Coding\ServidorNode\node_modules\mongoose\lib\index.js:379:10
    at Z:\Coding\ServidorNode\node_modules\mongoose\lib\helpers\promiseOrCallback.js:32:5
    at new Promise (<anonymous>)
    at promiseOrCallback (Z:\Coding\ServidorNode\node_modules\mongoose\lib\helpers\promiseOrCallback.js:31:10)
    at Mongoose._promiseOrCallback (Z:\Coding\ServidorNode\node_modules\mongoose\lib\index.js:1224:10)
    at Mongoose.connect (Z:\Coding\ServidorNode\node_modules\mongoose\lib\index.js:378:20)
    at file:///Z:/Coding/ServidorNode/connections/mongoose.js:14:16
    at ModuleJob.run (node:internal/modules/esm/module_job:193:25)
    at async Promise.all (index 0)
[2022-08-27T12:05:01.985] [ERROR] default - Error al Leer: Cannot read properties of undefined (reading 'find')
[2022-08-27T12:23:40.127] [WARN] default - GET /api/login
[2022-08-27T12:23:44.408] [WARN] default - GET /api/login
[2022-08-27T12:23:44.417] [INFO] default - GET /login
[2022-08-27T12:23:53.397] [INFO] default - GET /login
[2022-08-27T12:27:22.903] [INFO] default - GET /login
[2022-08-27T12:27:24.154] [INFO] default - GET /login
[2022-08-27T12:27:30.004] [INFO] default - GET /login
[2022-08-27T12:27:47.767] [WARN] default - GET /api/login
[2022-08-27T12:27:51.852] [INFO] default - GET /login
[2022-08-27T12:30:25.509] [INFO] default - GET /login
[2022-08-27T12:32:35.998] [INFO] default - GET /login
[2022-08-27T12:32:39.254] [INFO] default - POST /api/login
[2022-08-27T12:32:39.717] [INFO] default - GET /api/successLogin
[2022-08-27T12:32:39.759] [INFO] default - GET /
[2022-08-27T12:32:40.029] [WARN] default - GET /api/getInfo
[2022-08-27T12:32:40.475] [INFO] default - GET /api/login
[2022-08-27T12:48:12.672] [INFO] default - GET /login
[2022-08-27T12:48:14.871] [INFO] default - POST /api/login
[2022-08-27T12:48:15.093] [INFO] default - GET /api/successLogin
[2022-08-27T12:48:15.135] [INFO] default - GET /
[2022-08-27T12:48:15.410] [WARN] default - GET /api/getInfo
[2022-08-27T12:48:15.837] [INFO] default - GET /api/login
[2022-08-27T12:48:16.356] [INFO] default - GET /info
[2022-08-27T12:48:16.503] [WARN] default - GET /api/getInfo
[2022-08-27T12:48:26.651] [INFO] default - GET /info
[2022-08-27T12:48:26.826] [WARN] default - GET /api/getInfo
[2022-08-27T12:49:27.138] [INFO] default - GET /info
[2022-08-27T12:49:27.357] [WARN] default - GET /api/getInfo
[2022-08-27T12:49:30.222] [INFO] default - GET /api/login
[2022-08-27T12:49:30.650] [INFO] default - GET /info
[2022-08-27T12:49:30.838] [WARN] default - GET /api/getInfo
[2022-08-27T12:50:15.823] [INFO] default - GET /api/login
[2022-08-27T12:52:32.372] [INFO] default - GET /logout
[2022-08-27T12:52:32.558] [INFO] default - GET /api/login
[2022-08-27T12:52:34.560] [INFO] default - POST /api/logout
[2022-08-27T12:52:34.693] [INFO] default - GET /login
[2022-08-27T12:52:34.785] [INFO] default - GET /login
[2022-08-27T12:52:38.877] [INFO] default - POST /api/login
[2022-08-27T12:52:38.962] [INFO] default - GET /api/failureLogin
[2022-08-27T12:52:39.005] [WARN] default - GET /loginError
[2022-08-27T12:55:04.480] [INFO] default - POST /api/login
[2022-08-27T12:55:04.809] [INFO] default - GET /api/failureLogin
[2022-08-27T12:55:07.721] [INFO] default - GET /signup
[2022-08-27T12:55:20.868] [INFO] default - POST /api/signup
[2022-08-27T12:55:21.152] [INFO] default - GET /api/successSignup
[2022-08-27T12:55:21.194] [INFO] default - GET /
[2022-08-27T12:55:21.479] [WARN] default - GET /api/getInfo
[2022-08-27T12:55:21.922] [INFO] default - GET /api/login
[2022-08-27T12:55:24.604] [INFO] default - GET /logout
[2022-08-27T12:55:24.794] [INFO] default - GET /api/login
[2022-08-27T12:55:26.795] [INFO] default - POST /api/logout
[2022-08-27T12:55:26.927] [INFO] default - GET /login
[2022-08-27T12:55:27.023] [INFO] default - GET /login
[2022-08-27T12:55:33.972] [INFO] default - POST /api/login
[2022-08-27T12:55:34.195] [INFO] default - GET /api/successLogin
[2022-08-27T12:55:34.240] [INFO] default - GET /
[2022-08-27T12:55:34.513] [WARN] default - GET /api/getInfo
[2022-08-27T12:55:34.951] [INFO] default - GET /api/login
[2022-08-27T12:55:40.867] [INFO] default - GET /logout
[2022-08-27T12:55:41.051] [INFO] default - GET /api/login
[2022-08-27T12:55:43.053] [INFO] default - POST /api/logout
[2022-08-27T12:55:43.183] [INFO] default - GET /login
[2022-08-27T12:55:43.273] [INFO] default - GET /login
[2022-08-27T12:56:09.425] [INFO] default - POST /api/login
[2022-08-27T12:56:09.649] [INFO] default - GET /api/successLogin
[2022-08-27T12:56:09.690] [INFO] default - GET /
[2022-08-27T12:56:09.970] [WARN] default - GET /api/getInfo
[2022-08-27T12:56:10.405] [INFO] default - GET /api/login
[2022-08-27T12:56:11.286] [INFO] default - GET /info
[2022-08-27T12:56:11.477] [WARN] default - GET /api/getInfo
[2022-08-27T12:57:26.065] [INFO] default - GET /api/login
[2022-08-27T12:57:26.284] [INFO] default - GET /info
[2022-08-27T12:57:26.478] [INFO] default - GET /api/getInfo
[2022-08-27T12:57:52.798] [INFO] default - GET /infoZip
[2022-08-27T12:57:52.865] [WARN] default - GET /js/functions.js
[2022-08-27T12:58:20.766] [INFO] default - GET /infoZip
[2022-08-27T12:58:20.915] [INFO] default - GET /api/getInfo
[2022-08-27T12:58:21.003] [INFO] default - GET /api/getInfoZip
[2022-08-27T12:58:21.091] [WARN] default - GET /partials/info.handlebars
[2022-08-27T12:58:23.575] [INFO] default - GET /infoZip
[2022-08-27T12:58:23.768] [INFO] default - GET /api/getInfo
[2022-08-27T12:58:23.856] [INFO] default - GET /api/getInfoZip
[2022-08-27T12:58:23.956] [WARN] default - GET /partials/info.handlebars
[2022-08-27T12:58:24.522] [INFO] default - GET /infoZip
[2022-08-27T12:58:24.712] [INFO] default - GET /api/getInfo
[2022-08-27T12:58:24.801] [INFO] default - GET /api/getInfoZip
[2022-08-27T12:58:24.889] [WARN] default - GET /partials/info.handlebars
[2022-08-27T12:58:46.099] [INFO] default - GET /infoZip
[2022-08-27T12:58:46.248] [INFO] default - GET /api/getInfo
[2022-08-27T12:58:46.336] [INFO] default - GET /api/getInfoZip
[2022-08-27T13:00:51.076] [INFO] default - GET /infoZip
[2022-08-27T13:00:51.232] [INFO] default - GET /api/getInfo
[2022-08-27T13:00:51.322] [INFO] default - GET /api/getInfoZip
[2022-08-27T13:01:09.543] [INFO] default - GET /info
[2022-08-27T13:01:09.734] [INFO] default - GET /api/getInfo
[2022-08-27T13:01:12.140] [INFO] default - GET /api/login
[2022-08-27T13:05:03.050] [INFO] default - GET /
[2022-08-27T13:05:03.332] [INFO] default - GET /api/getInfo
[2022-08-27T13:05:03.778] [INFO] default - GET /api/login
[2022-08-29T06:28:48.601] [INFO] default - GET /login
[2022-08-29T06:28:48.663] [WARN] default - GET /favicon.ico
[2022-08-29T06:40:29.402] [INFO] default - GET /login
[2022-08-29T06:41:59.827] [INFO] default - POST /api/login
[2022-08-29T06:42:00.288] [INFO] default - GET /api/successLogin
[2022-08-29T06:42:00.337] [INFO] default - GET /
[2022-08-29T06:42:00.585] [INFO] default - GET /api/getInfo
[2022-08-29T06:42:01.047] [INFO] default - GET /api/login
[2022-08-29T06:42:02.575] [INFO] default - GET /random
[2022-08-29T06:42:02.809] [INFO] default - GET /api/getInfo
[2022-08-29T06:42:04.346] [INFO] default - GET /api/randoms/45
[2022-08-29T06:42:47.214] [INFO] default - GET /api/login
[2022-09-05T17:11:24.171] [INFO] default - GET /login
[2022-09-05T17:29:56.196] [INFO] default - POST /api/login
[2022-09-05T17:29:56.701] [INFO] default - GET /api/successLogin
[2022-09-05T17:29:56.745] [INFO] default - GET /
[2022-09-05T17:29:56.905] [INFO] default - GET /api/getInfo
[2022-09-05T17:30:06.500] [INFO] default - GET /random
[2022-09-05T17:30:06.970] [INFO] default - GET /api/getInfo
[2022-09-05T17:30:09.417] [INFO] default - GET /api/randoms/34
[2022-09-05T17:30:11.521] [INFO] default - GET /api/login
[2022-09-05T17:30:13.636] [INFO] default - GET /logout
[2022-09-05T17:30:13.735] [INFO] default - GET /api/login
[2022-09-05T17:30:15.738] [INFO] default - POST /api/logout
[2022-09-05T17:30:15.869] [INFO] default - GET /login
[2022-09-05T17:30:15.963] [INFO] default - GET /login
[2022-09-05T17:30:17.476] [INFO] default - POST /api/login
[2022-09-05T17:30:17.701] [INFO] default - GET /api/successLogin
[2022-09-05T17:30:17.743] [INFO] default - GET /
[2022-09-05T17:30:18.011] [INFO] default - GET /api/getInfo
[2022-09-05T17:30:18.445] [INFO] default - GET /api/login
[2022-09-05T17:30:33.095] [INFO] default - GET /random
[2022-09-05T17:30:33.373] [INFO] default - GET /api/getInfo
[2022-09-05T17:30:35.135] [INFO] default - GET /info
[2022-09-05T17:30:35.298] [INFO] default - GET /api/getInfo
[2022-09-05T17:31:05.163] [INFO] default - GET /api/login
[2022-09-05T17:44:31.034] [INFO] default - GET /api/login
[2022-09-05T17:48:41.127] [INFO] default - GET /login
[2022-09-05T17:48:44.226] [INFO] default - POST /api/login
[2022-09-05T17:48:44.729] [INFO] default - GET /api/successLogin
[2022-09-05T17:48:44.770] [INFO] default - GET /
[2022-09-05T17:48:45.008] [INFO] default - GET /api/getInfo
[2022-09-05T17:48:45.462] [INFO] default - GET /api/login
[2022-09-07T17:40:59.113] [INFO] default - GET /login
[2022-09-07T17:40:59.229] [WARN] default - GET /favicon.ico
[2022-09-07T17:41:04.126] [INFO] default - POST /api/login
[2022-09-07T17:41:04.662] [INFO] default - GET /api/successLogin
[2022-09-07T17:41:04.714] [INFO] default - GET /
[2022-09-07T17:41:06.116] [INFO] default - GET /api/getInfo
[2022-09-07T17:41:08.507] [INFO] default - GET /api/login
[2022-09-07T17:41:14.637] [INFO] default - GET /random
[2022-09-07T17:41:14.880] [INFO] default - GET /api/getInfo
[2022-09-07T17:41:16.465] [INFO] default - GET /api/login
[2022-09-07T17:41:17.005] [INFO] default - GET /info
[2022-09-07T17:41:17.219] [INFO] default - GET /api/getInfo
[2022-09-07T17:41:19.934] [INFO] default - GET /api/login
